<?xml version="1.0" encoding="UTF-8"?>
<testng-results ignored="0" total="4" passed="4" failed="0" skipped="0">
  <reporter-output>
  </reporter-output>
  <suite started-at="2022-01-25T14:43:12 GMT" name="com.carlos.picon.test.AnimalTest" finished-at="2022-01-25T14:43:13 GMT" duration-ms="780">
    <groups>
    </groups>
    <test started-at="2022-01-25T14:43:12 GMT" name="Command line test" finished-at="2022-01-25T14:43:13 GMT" duration-ms="780">
      <class name="com.carlos.picon.test.AnimalTest">
        <test-method signature="SetAgeTest()[pri:0, instance:com.carlos.picon.test.AnimalTest@658c5a19]" started-at="2022-01-25T14:43:13 GMT" name="SetAgeTest" finished-at="2022-01-25T14:43:13 GMT" duration-ms="179" status="PASS">
          <reporter-output>
          </reporter-output>
        </test-method> <!-- SetAgeTest -->
        <test-method signature="SetBreathTest()[pri:0, instance:com.carlos.picon.test.AnimalTest@658c5a19]" started-at="2022-01-25T14:43:13 GMT" name="SetBreathTest" finished-at="2022-01-25T14:43:13 GMT" duration-ms="50" status="PASS">
          <reporter-output>
          </reporter-output>
        </test-method> <!-- SetBreathTest -->
        <test-method signature="SetHungerTest()[pri:0, instance:com.carlos.picon.test.AnimalTest@658c5a19]" started-at="2022-01-25T14:43:13 GMT" name="SetHungerTest" finished-at="2022-01-25T14:43:13 GMT" duration-ms="8" status="PASS">
          <reporter-output>
          </reporter-output>
        </test-method> <!-- SetHungerTest -->
        <test-method signature="SetTalkTest()[pri:0, instance:com.carlos.picon.test.AnimalTest@658c5a19]" started-at="2022-01-25T14:43:13 GMT" name="SetTalkTest" finished-at="2022-01-25T14:43:13 GMT" duration-ms="5" status="PASS">
          <reporter-output>
          </reporter-output>
        </test-method> <!-- SetTalkTest -->
      </class> <!-- com.carlos.picon.test.AnimalTest -->
    </test> <!-- Command line test -->
  </suite> <!-- com.carlos.picon.test.AnimalTest -->
</testng-results>
