<?xml version="1.0" encoding="UTF-8"?>
<testng-results ignored="0" total="1" passed="1" failed="0" skipped="0">
  <reporter-output>
  </reporter-output>
  <suite started-at="2022-01-25T11:17:54 GMT" name="com.carlos.picon.test.AnimalTest" finished-at="2022-01-25T11:17:55 GMT" duration-ms="1338">
    <groups>
    </groups>
    <test started-at="2022-01-25T11:17:54 GMT" name="Command line test" finished-at="2022-01-25T11:17:55 GMT" duration-ms="1338">
      <class name="com.carlos.picon.test.AnimalTest">
        <test-method signature="SetAgeTest()[pri:0, instance:com.carlos.picon.test.AnimalTest@379614be]" started-at="2022-01-25T11:17:55 GMT" name="SetAgeTest" finished-at="2022-01-25T11:17:55 GMT" duration-ms="194" status="PASS">
          <reporter-output>
          </reporter-output>
        </test-method> <!-- SetAgeTest -->
      </class> <!-- com.carlos.picon.test.AnimalTest -->
    </test> <!-- Command line test -->
  </suite> <!-- com.carlos.picon.test.AnimalTest -->
</testng-results>
