<?xml version="1.0" encoding="UTF-8"?>
<!-- Generated by org.testng.reporters.JUnitXMLReporter -->
<testsuite ignored="0" hostname="DESKTOP-QHM3D4J" failures="0" tests="4" name="Command line test" time="0.996" errors="0" timestamp="2022-01-25T15:12:10 GMT">
  <testcase classname="com.carlos.picon.test.AnimalTest" name="SetAgeTest" time="0.233"/>
  <testcase classname="com.carlos.picon.test.AnimalTest" name="SetBreathTest" time="0.029"/>
  <testcase classname="com.carlos.picon.test.AnimalTest" name="SetHungerTest" time="0.006"/>
  <testcase classname="com.carlos.picon.test.AnimalTest" name="SetTalkTest" time="0.001"/>
</testsuite> <!-- Command line test -->
