<?xml version="1.0" encoding="UTF-8"?>
<!-- Generated by org.testng.reporters.JUnitXMLReporter -->
<testsuite ignored="0" hostname="DESKTOP-QHM3D4J" failures="0" tests="4" name="Command line test" time="1.482" errors="0" timestamp="2022-01-25T14:34:49 GMT">
  <testcase classname="com.carlos.picon.test.AnimalTest" name="SetAgeTest" time="0.23"/>
  <testcase classname="com.carlos.picon.test.AnimalTest" name="SetBreathTest" time="0.074"/>
  <testcase classname="com.carlos.picon.test.AnimalTest" name="SetHungerTest" time="0.004"/>
  <testcase classname="com.carlos.picon.test.AnimalTest" name="SetTalkTest" time="0.002"/>
</testsuite> <!-- Command line test -->
